<?xml version="1.0" encoding="UTF-8"?>
<!-- Generated by org.testng.reporters.JUnitXMLReporter -->
<testsuite ignored="0" hostname="Kishores-MacBook-Air.local" failures="0" tests="2" name="Free CRM App Test Cases" time="10.043" errors="0" timestamp="11 Mar 2021 01:43:19 GMT">
  <testcase classname="com.selng.demo.testcases.loginTest" name="loginTest" time="0.623"/>
  <testcase classname="com.selng.demo.testcases.loginTest" name="verifylogin" time="0.018"/>
</testsuite> <!-- Free CRM App Test Cases -->
