<?xml version="1.0" encoding="UTF-8"?>
<!-- Generated by org.testng.reporters.JUnitXMLReporter -->
<testsuite ignored="8" hostname="Kishores-MacBook-Air.local" failures="0" tests="6" name="Default test" time="6.786" errors="0" timestamp="11 Mar 2021 02:54:24 GMT">
  <testcase classname="com.selng.demo.testcases.Second" name="m3" time="0.006"/>
  <testcase classname="com.selng.demo.testcases.Second" name="m4" time="0.001"/>
  <testcase classname="com.selng.demo.testcases.First" name="m1" time="0.002"/>
  <testcase classname="com.selng.demo.testcases.First" name="m2" time="0.002"/>
  <testcase classname="com.selng.demo.testcases.loginTest" name="loginTest" time="0.573"/>
  <testcase classname="com.selng.demo.testcases.loginTest" name="verifylogin" time="0.033"/>
  <testcase classname="com.selng.demo.data.BaseClass" name="@BeforeSuite testBESuite" time="0.0">
    <ignored/>
  </testcase> <!-- @BeforeSuite testBESuite -->
  <testcase classname="com.selng.demo.data.BaseClass" name="@BeforeSuite testBESuite" time="0.0">
    <ignored/>
  </testcase> <!-- @BeforeSuite testBESuite -->
  <testcase classname="com.selng.demo.data.BaseClass" name="@BeforeSuite testBESuite" time="0.0">
    <ignored/>
  </testcase> <!-- @BeforeSuite testBESuite -->
  <testcase classname="com.selng.demo.data.BaseClass" name="@BeforeSuite testBESuite" time="0.0">
    <ignored/>
  </testcase> <!-- @BeforeSuite testBESuite -->
  <testcase classname="com.selng.demo.data.BaseClass" name="@AfterSuite generateReport" time="0.0">
    <ignored/>
  </testcase> <!-- @AfterSuite generateReport -->
  <testcase classname="com.selng.demo.data.BaseClass" name="@AfterSuite generateReport" time="0.0">
    <ignored/>
  </testcase> <!-- @AfterSuite generateReport -->
  <testcase classname="com.selng.demo.data.BaseClass" name="@AfterSuite generateReport" time="0.0">
    <ignored/>
  </testcase> <!-- @AfterSuite generateReport -->
  <testcase classname="com.selng.demo.data.BaseClass" name="@AfterSuite generateReport" time="0.0">
    <ignored/>
  </testcase> <!-- @AfterSuite generateReport -->
</testsuite> <!-- Default test -->
