<?xml version="1.0" encoding="UTF-8"?>
<!-- Generated by org.testng.reporters.JUnitXMLReporter -->
<testsuite hostname="Kishores-MacBook-Air.local" failures="0" tests="4" name="Default test" time="0.041" errors="0" timestamp="10 Mar 2021 02:33:33 GMT">
  <testcase classname="com.org.demo.First" name="m1" time="0.006"/>
  <testcase classname="com.org.demo.First" name="m2" time="0.004"/>
  <testcase classname="com.org.demo.Second" name="m3" time="0.001"/>
  <testcase classname="com.org.demo.Second" name="m4" time="0.002"/>
</testsuite> <!-- Default test -->
