<?xml version="1.0" encoding="UTF-8"?>
<!-- Generated by org.testng.reporters.JUnitXMLReporter -->
<testsuite ignored="0" hostname="Kishores-MacBook-Air.local" failures="0" tests="4" name="Free CRM App Test Cases" time="0.054" errors="0" timestamp="10 Mar 2021 07:36:56 GMT">
  <testcase classname="com.org.demo.First" name="m1" time="0.002"/>
  <testcase classname="com.org.demo.First" name="m2" time="0.0"/>
  <testcase classname="com.org.demo.Second" name="m3" time="0.001"/>
  <testcase classname="com.org.demo.Second" name="m4" time="0.001"/>
</testsuite> <!-- Free CRM App Test Cases -->
