<?xml version="1.0" encoding="UTF-8"?>
<!-- Generated by org.testng.reporters.JUnitXMLReporter -->
<testsuite ignored="0" hostname="Kishores-MacBook-Air.local" failures="0" tests="2" name="Selenium TestNG Automation Suite Tests" time="10.54" errors="0" timestamp="11 Mar 2021 02:42:52 GMT">
  <testcase classname="com.selng.demo.testcases.loginTest" name="loginTest" time="0.605"/>
  <testcase classname="com.selng.demo.testcases.loginTest" name="verifylogin" time="0.029"/>
</testsuite> <!-- Selenium TestNG Automation Suite Tests -->
