<?xml version="1.0" encoding="UTF-8"?>
<testng-results ignored="0" total="2" passed="2" failed="0" skipped="0">
  <reporter-output>
  </reporter-output>
  <suite started-at="2021-03-11T21:51:45Z" name="SelNG Maven POM Automation TestSuite" finished-at="2021-03-11T21:51:54Z" duration-ms="9382">
    <groups>
    </groups>
    <test started-at="2021-03-11T21:51:45Z" name="Test" finished-at="2021-03-11T21:51:54Z" duration-ms="9382">
      <class name="com.selng.demo.testcases.loginTest">
        <test-method is-config="true" signature="testBESuite()[pri:0, instance:com.selng.demo.testcases.loginTest@2e1d27ba]" started-at="2021-03-11T21:51:45Z" name="testBESuite" finished-at="2021-03-11T21:51:45Z" duration-ms="18" status="PASS">
          <reporter-output>
          </reporter-output>
        </test-method> <!-- testBESuite -->
        <test-method is-config="true" signature="setUp()[pri:0, instance:com.selng.demo.testcases.loginTest@2e1d27ba]" started-at="2021-03-11T21:51:45Z" name="setUp" finished-at="2021-03-11T21:51:53Z" duration-ms="8375" status="PASS">
          <reporter-output>
          </reporter-output>
        </test-method> <!-- setUp -->
        <test-method signature="loginTest()[pri:1, instance:com.selng.demo.testcases.loginTest@2e1d27ba]" started-at="2021-03-11T21:51:53Z" name="loginTest" finished-at="2021-03-11T21:51:54Z" duration-ms="627" status="PASS">
          <reporter-output>
          </reporter-output>
        </test-method> <!-- loginTest -->
        <test-method signature="verifylogin()[pri:2, instance:com.selng.demo.testcases.loginTest@2e1d27ba]" started-at="2021-03-11T21:51:54Z" name="verifylogin" finished-at="2021-03-11T21:51:54Z" duration-ms="15" status="PASS">
          <reporter-output>
          </reporter-output>
        </test-method> <!-- verifylogin -->
        <test-method is-config="true" signature="exitdriver()[pri:0, instance:com.selng.demo.testcases.loginTest@2e1d27ba]" started-at="2021-03-11T21:51:54Z" name="exitdriver" finished-at="2021-03-11T21:51:54Z" duration-ms="286" status="PASS">
          <reporter-output>
          </reporter-output>
        </test-method> <!-- exitdriver -->
      </class> <!-- com.selng.demo.testcases.loginTest -->
    </test> <!-- Test -->
  </suite> <!-- SelNG Maven POM Automation TestSuite -->
</testng-results>
