<?xml version="1.0" encoding="UTF-8"?>
<testng-results ignored="0" total="4" passed="4" failed="0" skipped="0">
  <reporter-output>
  </reporter-output>
  <suite started-at="2021-03-10T07:36:51Z" name="Suite" finished-at="2021-03-10T07:36:51Z" duration-ms="54">
    <groups>
    </groups>
    <test started-at="2021-03-10T07:36:51Z" name="Free CRM App Test Cases" finished-at="2021-03-10T07:36:51Z" duration-ms="54">
      <class name="com.org.demo.First">
        <test-method is-config="true" signature="bBeforeSuite()[pri:0, instance:com.org.demo.First@76a3e297]" started-at="2021-03-10T07:36:51Z" name="bBeforeSuite" finished-at="2021-03-10T07:36:51Z" duration-ms="17" status="PASS">
          <reporter-output>
          </reporter-output>
        </test-method> <!-- bBeforeSuite -->
        <test-method is-config="true" signature="beforeTest1()[pri:0, instance:com.org.demo.First@76a3e297]" started-at="2021-03-10T07:36:51Z" name="beforeTest1" finished-at="2021-03-10T07:36:51Z" duration-ms="1" status="PASS">
          <reporter-output>
          </reporter-output>
        </test-method> <!-- beforeTest1 -->
        <test-method is-config="true" signature="beforeclass1()[pri:0, instance:com.org.demo.First@76a3e297]" started-at="2021-03-10T07:36:51Z" name="beforeclass1" finished-at="2021-03-10T07:36:51Z" duration-ms="0" status="PASS">
          <reporter-output>
          </reporter-output>
        </test-method> <!-- beforeclass1 -->
        <test-method is-config="true" signature="beforemethodm1()[pri:0, instance:com.org.demo.First@76a3e297]" started-at="2021-03-10T07:36:51Z" name="beforemethodm1" finished-at="2021-03-10T07:36:51Z" duration-ms="0" status="PASS">
          <reporter-output>
          </reporter-output>
        </test-method> <!-- beforemethodm1 -->
        <test-method signature="m1()[pri:0, instance:com.org.demo.First@76a3e297]" started-at="2021-03-10T07:36:51Z" name="m1" finished-at="2021-03-10T07:36:51Z" duration-ms="2" status="PASS">
          <reporter-output>
          </reporter-output>
        </test-method> <!-- m1 -->
        <test-method is-config="true" signature="aftermethodm2()[pri:0, instance:com.org.demo.First@76a3e297]" started-at="2021-03-10T07:36:51Z" name="aftermethodm2" finished-at="2021-03-10T07:36:51Z" duration-ms="1" status="PASS">
          <reporter-output>
          </reporter-output>
        </test-method> <!-- aftermethodm2 -->
        <test-method is-config="true" signature="beforemethodm1()[pri:0, instance:com.org.demo.First@76a3e297]" started-at="2021-03-10T07:36:51Z" name="beforemethodm1" finished-at="2021-03-10T07:36:51Z" duration-ms="0" status="PASS">
          <reporter-output>
          </reporter-output>
        </test-method> <!-- beforemethodm1 -->
        <test-method signature="m2()[pri:0, instance:com.org.demo.First@76a3e297]" started-at="2021-03-10T07:36:51Z" name="m2" finished-at="2021-03-10T07:36:51Z" duration-ms="0" status="PASS">
          <reporter-output>
          </reporter-output>
        </test-method> <!-- m2 -->
        <test-method is-config="true" signature="aftermethodm2()[pri:0, instance:com.org.demo.First@76a3e297]" started-at="2021-03-10T07:36:51Z" name="aftermethodm2" finished-at="2021-03-10T07:36:51Z" duration-ms="0" status="PASS">
          <reporter-output>
          </reporter-output>
        </test-method> <!-- aftermethodm2 -->
        <test-method is-config="true" signature="afterclass1()[pri:0, instance:com.org.demo.First@76a3e297]" started-at="2021-03-10T07:36:51Z" name="afterclass1" finished-at="2021-03-10T07:36:51Z" duration-ms="0" status="PASS">
          <reporter-output>
          </reporter-output>
        </test-method> <!-- afterclass1 -->
        <test-method is-config="true" signature="AfterTest1()[pri:0, instance:com.org.demo.First@76a3e297]" started-at="2021-03-10T07:36:51Z" name="AfterTest1" finished-at="2021-03-10T07:36:51Z" duration-ms="0" status="PASS">
          <reporter-output>
          </reporter-output>
        </test-method> <!-- AfterTest1 -->
        <test-method is-config="true" signature="AfterSuite1()[pri:0, instance:com.org.demo.First@76a3e297]" started-at="2021-03-10T07:36:56Z" name="AfterSuite1" finished-at="2021-03-10T07:36:56Z" duration-ms="1" status="PASS">
          <reporter-output>
          </reporter-output>
        </test-method> <!-- AfterSuite1 -->
      </class> <!-- com.org.demo.First -->
      <class name="com.org.demo.Second">
        <test-method signature="m3()[pri:0, instance:com.org.demo.Second@4d3167f4]" started-at="2021-03-10T07:36:51Z" name="m3" finished-at="2021-03-10T07:36:51Z" duration-ms="1" status="PASS">
          <reporter-output>
          </reporter-output>
        </test-method> <!-- m3 -->
        <test-method signature="m4()[pri:0, instance:com.org.demo.Second@4d3167f4]" started-at="2021-03-10T07:36:51Z" name="m4" finished-at="2021-03-10T07:36:51Z" duration-ms="1" status="PASS">
          <reporter-output>
          </reporter-output>
        </test-method> <!-- m4 -->
      </class> <!-- com.org.demo.Second -->
    </test> <!-- Free CRM App Test Cases -->
  </suite> <!-- Suite -->
</testng-results>
