<?xml version="1.0" encoding="UTF-8"?>
<testng-results ignored="0" total="2" passed="2" failed="0" skipped="0">
  <reporter-output>
  </reporter-output>
  <suite started-at="2021-03-11T21:09:23Z" name="SelNG Maven POM Automation TestSuite" finished-at="2021-03-11T21:09:31Z" duration-ms="7704">
    <groups>
    </groups>
    <test started-at="2021-03-11T21:09:23Z" name="Test" finished-at="2021-03-11T21:09:31Z" duration-ms="7704">
      <class name="com.selng.demo.testcases.loginTest">
        <test-method is-config="true" signature="testBESuite()[pri:0, instance:com.selng.demo.testcases.loginTest@25641d39]" started-at="2021-03-11T21:09:23Z" name="testBESuite" finished-at="2021-03-11T21:09:23Z" duration-ms="14" status="PASS">
          <reporter-output>
          </reporter-output>
        </test-method> <!-- testBESuite -->
        <test-method is-config="true" signature="setUp()[pri:0, instance:com.selng.demo.testcases.loginTest@25641d39]" started-at="2021-03-11T21:09:23Z" name="setUp" finished-at="2021-03-11T21:09:30Z" duration-ms="6815" status="PASS">
          <reporter-output>
          </reporter-output>
        </test-method> <!-- setUp -->
        <test-method signature="loginTest()[pri:1, instance:com.selng.demo.testcases.loginTest@25641d39]" started-at="2021-03-11T21:09:30Z" name="loginTest" finished-at="2021-03-11T21:09:31Z" duration-ms="545" status="PASS">
          <reporter-output>
          </reporter-output>
        </test-method> <!-- loginTest -->
        <test-method signature="verifylogin()[pri:2, instance:com.selng.demo.testcases.loginTest@25641d39]" started-at="2021-03-11T21:09:31Z" name="verifylogin" finished-at="2021-03-11T21:09:31Z" duration-ms="30" status="PASS">
          <reporter-output>
          </reporter-output>
        </test-method> <!-- verifylogin -->
        <test-method is-config="true" signature="exitdriver()[pri:0, instance:com.selng.demo.testcases.loginTest@25641d39]" started-at="2021-03-11T21:09:31Z" name="exitdriver" finished-at="2021-03-11T21:09:31Z" duration-ms="197" status="PASS">
          <reporter-output>
          </reporter-output>
        </test-method> <!-- exitdriver -->
      </class> <!-- com.selng.demo.testcases.loginTest -->
    </test> <!-- Test -->
  </suite> <!-- SelNG Maven POM Automation TestSuite -->
</testng-results>
